
Showing logs for build [32mcb-kubecd-environment-pr-240-12-qnv9n-1[0m stage [32mfrom-build-pack[0m and container [32mstep-credential-initializer-tnn6z[0m
{"level":"info","ts":1592793860.8734322,"logger":"fallback-logger","caller":"logging/config.go:69","msg":"Fetch GitHub commit ID from kodata failed: open /var/run/ko/refs/heads/0.8.0-ns-support: no such file or directory"}
{"level":"info","ts":1592793860.876608,"logger":"fallback-logger","caller":"creds-init/main.go:40","msg":"Credentials initialized."}

Showing logs for build [32mcb-kubecd-environment-pr-240-12-qnv9n-1[0m stage [32mfrom-build-pack[0m and container [32mstep-working-dir-initializer-c8rwd[0m
{"level":"info","ts":1592793861.7518518,"logger":"fallback-logger","caller":"logging/config.go:69","msg":"Fetch GitHub commit ID from kodata failed: open /var/run/ko/HEAD: no such file or directory"}
{"level":"info","ts":1592793861.7535155,"logger":"fallback-logger","caller":"bash/main.go:64","msg":"Successfully executed command \"sh -c mkdir -p /workspace/source\"; output "}

Showing logs for build [32mcb-kubecd-environment-pr-240-12-qnv9n-1[0m stage [32mfrom-build-pack[0m and container [32mstep-place-tools[0m

Showing logs for build [32mcb-kubecd-environment-pr-240-12-qnv9n-1[0m stage [32mfrom-build-pack[0m and container [32mstep-git-source-cb-kubecd-environment-pr-240-12-qnv9n-zx6br[0m
{"level":"info","ts":1592793866.8763194,"logger":"fallback-logger","caller":"logging/config.go:69","msg":"Fetch GitHub commit ID from kodata failed: open /var/run/ko/refs/heads/0.8.0-ns-support: no such file or directory"}
{"level":"info","ts":1592793867.9360552,"logger":"fallback-logger","caller":"git/git.go:103","msg":"Successfully cloned https://github.com/cb-kubecd/environment-pr-240-12-gke-upgrade-staging.git @ master in path /workspace/source"}

Showing logs for build [32mcb-kubecd-environment-pr-240-12-qnv9n-1[0m stage [32mfrom-build-pack[0m and container [32mstep-git-merge[0m
Using SHAs from PULL_REFS=master:bd584a33ecfb0b6666c36313c7968162d66a9f28,1:ace4726a488211b63b327b7677423fa8b97e45d3
DEBUG: LC_ALL=C JX_LOG_LEVEL=error git fetch origin --unshallow ace4726a488211b63b327b7677423fa8b97e45d3: bd584a33ecfb0b6666c36313c7968162d66a9f28:
DEBUG: ran git fetch --unshallow origin ace4726a488211b63b327b7677423fa8b97e45d3: bd584a33ecfb0b6666c36313c7968162d66a9f28: in 
DEBUG: JX_LOG_LEVEL=error LC_ALL=C git branch
DEBUG: LC_ALL=C JX_LOG_LEVEL=error git checkout master
DEBUG: ran git checkout master in 
DEBUG: JX_LOG_LEVEL=error LC_ALL=C git reset --hard bd584a33ecfb0b6666c36313c7968162d66a9f28
DEBUG: ran git reset --hard bd584a33ecfb0b6666c36313c7968162d66a9f28 in 
DEBUG: LC_ALL=C JX_LOG_LEVEL=error git clean -fd .
DEBUG: ran clean --force -d . in 
DEBUG: LC_ALL=C JX_LOG_LEVEL=error git merge ace4726a488211b63b327b7677423fa8b97e45d3
DEBUG: ran git merge ace4726a488211b63b327b7677423fa8b97e45d3 in 
DEBUG: LC_ALL=C JX_LOG_LEVEL=error git log --format=%H%x1f%an%x1f%ae%x1f%cn%x1f%ce%x1f%s%n%b%x1e bd584a33ecfb0b6666c36313c7968162d66a9f28..HEAD
Merged SHA ace4726a488211b63b327b7677423fa8b97e45d3 with commit message 'chore: Promote bdd-spring-1592793550 to version 0.0.1' into base branch master

Showing logs for build [32mcb-kubecd-environment-pr-240-12-qnv9n-1[0m stage [32mfrom-build-pack[0m and container [32mstep-build-helm-build[0m
WARNING: No $CHART_REPOSITORY defined so using the default value of: http://jenkins-x-chartmuseum:8080
Adding missing Helm repo: storage.googleapis.com https://storage.googleapis.com/chartmuseum.jenkins-x.io
WARNING: No secrets found on "helm/repos" due: reading the secret "helm/repos" from vault: no secret "helm/repos" not found in vault
Read credentials for https://storage.googleapis.com/chartmuseum.jenkins-x.io from vault helm/repos
Successfully added Helm repository storage.googleapis.com.
Adding missing Helm repo: jenkins-x-chartmuseum http://jenkins-x-chartmuseum:8080
WARNING: No secrets found on "helm/repos" due: reading the secret "helm/repos" from vault: no secret "helm/repos" not found in vault
Read credentials for http://jenkins-x-chartmuseum:8080 from vault helm/repos
Successfully added Helm repository jenkins-x-chartmuseum.
WARNING: No $CHART_REPOSITORY defined so using the default value of: http://jenkins-x-chartmuseum:8080
Adding missing Helm repo: chartmuseum.jenkins-x.io http://chartmuseum.jenkins-x.io
WARNING: No secrets found on "helm/repos" due: reading the secret "helm/repos" from vault: no secret "helm/repos" not found in vault
Read credentials for http://chartmuseum.jenkins-x.io from vault helm/repos
Successfully added Helm repository chartmuseum.jenkins-x.io.
